The system is: Linux - 4.15.0-47-generic - x86_64
Compiling the CXX compiler identification source file "CMakeCXXCompilerId.cpp" succeeded.
Compiler: /usr/bin/c++ 
Build flags: 
Id flags: 

The output was:
0


Compilation of the CXX compiler identification source "CMakeCXXCompilerId.cpp" produced "a.out"

The CXX compiler identification is GNU, found in "/home/jg/klee/build/CMakeFiles/3.5.1/CompilerIdCXX/a.out"

Compiling the C compiler identification source file "CMakeCCompilerId.c" succeeded.
Compiler: /usr/bin/cc 
Build flags: 
Id flags: 

The output was:
0


Compilation of the C compiler identification source "CMakeCCompilerId.c" produced "a.out"

The C compiler identification is GNU, found in "/home/jg/klee/build/CMakeFiles/3.5.1/CompilerIdC/a.out"

Determining if the CXX compiler works passed with the following output:
Change Dir: /home/jg/klee/build/CMakeFiles/CMakeTmp

Run Build Command:"/usr/bin/make" "cmTC_c3396/fast"
/usr/bin/make -f CMakeFiles/cmTC_c3396.dir/build.make CMakeFiles/cmTC_c3396.dir/build
make[1]: Entering directory '/home/jg/klee/build/CMakeFiles/CMakeTmp'
Building CXX object CMakeFiles/cmTC_c3396.dir/testCXXCompiler.cxx.o
/usr/bin/c++      -o CMakeFiles/cmTC_c3396.dir/testCXXCompiler.cxx.o -c /home/jg/klee/build/CMakeFiles/CMakeTmp/testCXXCompiler.cxx
Linking CXX executable cmTC_c3396
/usr/bin/cmake -E cmake_link_script CMakeFiles/cmTC_c3396.dir/link.txt --verbose=1
/usr/bin/c++        CMakeFiles/cmTC_c3396.dir/testCXXCompiler.cxx.o  -o cmTC_c3396 -rdynamic 
make[1]: Leaving directory '/home/jg/klee/build/CMakeFiles/CMakeTmp'


Detecting CXX compiler ABI info compiled with the following output:
Change Dir: /home/jg/klee/build/CMakeFiles/CMakeTmp

Run Build Command:"/usr/bin/make" "cmTC_6283f/fast"
/usr/bin/make -f CMakeFiles/cmTC_6283f.dir/build.make CMakeFiles/cmTC_6283f.dir/build
make[1]: Entering directory '/home/jg/klee/build/CMakeFiles/CMakeTmp'
Building CXX object CMakeFiles/cmTC_6283f.dir/CMakeCXXCompilerABI.cpp.o
/usr/bin/c++      -o CMakeFiles/cmTC_6283f.dir/CMakeCXXCompilerABI.cpp.o -c /usr/share/cmake-3.5/Modules/CMakeCXXCompilerABI.cpp
Linking CXX executable cmTC_6283f
/usr/bin/cmake -E cmake_link_script CMakeFiles/cmTC_6283f.dir/link.txt --verbose=1
/usr/bin/c++       -v CMakeFiles/cmTC_6283f.dir/CMakeCXXCompilerABI.cpp.o  -o cmTC_6283f -rdynamic  
Using built-in specs.
COLLECT_GCC=/usr/bin/c++
COLLECT_LTO_WRAPPER=/usr/lib/gcc/x86_64-linux-gnu/5/lto-wrapper
Target: x86_64-linux-gnu
Configured with: ../src/configure -v --with-pkgversion='Ubuntu 5.4.0-6ubuntu1~16.04.11' --with-bugurl=file:///usr/share/doc/gcc-5/README.Bugs --enable-languages=c,ada,c++,java,go,d,fortran,objc,obj-c++ --prefix=/usr --program-suffix=-5 --enable-shared --enable-linker-build-id --libexecdir=/usr/lib --without-included-gettext --enable-threads=posix --libdir=/usr/lib --enable-nls --with-sysroot=/ --enable-clocale=gnu --enable-libstdcxx-debug --enable-libstdcxx-time=yes --with-default-libstdcxx-abi=new --enable-gnu-unique-object --disable-vtable-verify --enable-libmpx --enable-plugin --with-system-zlib --disable-browser-plugin --enable-java-awt=gtk --enable-gtk-cairo --with-java-home=/usr/lib/jvm/java-1.5.0-gcj-5-amd64/jre --enable-java-home --with-jvm-root-dir=/usr/lib/jvm/java-1.5.0-gcj-5-amd64 --with-jvm-jar-dir=/usr/lib/jvm-exports/java-1.5.0-gcj-5-amd64 --with-arch-directory=amd64 --with-ecj-jar=/usr/share/java/eclipse-ecj.jar --enable-objc-gc --enable-multiarch --disable-werror --with-arch-32=i686 --with-abi=m64 --with-multilib-list=m32,m64,mx32 --enable-multilib --with-tune=generic --enable-checking=release --build=x86_64-linux-gnu --host=x86_64-linux-gnu --target=x86_64-linux-gnu
Thread model: posix
gcc version 5.4.0 20160609 (Ubuntu 5.4.0-6ubuntu1~16.04.11) 
COMPILER_PATH=/usr/lib/gcc/x86_64-linux-gnu/5/:/usr/lib/gcc/x86_64-linux-gnu/5/:/usr/lib/gcc/x86_64-linux-gnu/:/usr/lib/gcc/x86_64-linux-gnu/5/:/usr/lib/gcc/x86_64-linux-gnu/
LIBRARY_PATH=/usr/lib/gcc/x86_64-linux-gnu/5/:/usr/lib/gcc/x86_64-linux-gnu/5/../../../x86_64-linux-gnu/:/usr/lib/gcc/x86_64-linux-gnu/5/../../../../lib/:/lib/x86_64-linux-gnu/:/lib/../lib/:/usr/lib/x86_64-linux-gnu/:/usr/lib/../lib/:/usr/lib/gcc/x86_64-linux-gnu/5/../../../:/lib/:/usr/lib/
COLLECT_GCC_OPTIONS='-v' '-o' 'cmTC_6283f' '-rdynamic' '-shared-libgcc' '-mtune=generic' '-march=x86-64'
 /usr/lib/gcc/x86_64-linux-gnu/5/collect2 -plugin /usr/lib/gcc/x86_64-linux-gnu/5/liblto_plugin.so -plugin-opt=/usr/lib/gcc/x86_64-linux-gnu/5/lto-wrapper -plugin-opt=-fresolution=/tmp/ccVXDFaw.res -plugin-opt=-pass-through=-lgcc_s -plugin-opt=-pass-through=-lgcc -plugin-opt=-pass-through=-lc -plugin-opt=-pass-through=-lgcc_s -plugin-opt=-pass-through=-lgcc --sysroot=/ --build-id --eh-frame-hdr -m elf_x86_64 --hash-style=gnu --as-needed -export-dynamic -dynamic-linker /lib64/ld-linux-x86-64.so.2 -z relro -o cmTC_6283f /usr/lib/gcc/x86_64-linux-gnu/5/../../../x86_64-linux-gnu/crt1.o /usr/lib/gcc/x86_64-linux-gnu/5/../../../x86_64-linux-gnu/crti.o /usr/lib/gcc/x86_64-linux-gnu/5/crtbegin.o -L/usr/lib/gcc/x86_64-linux-gnu/5 -L/usr/lib/gcc/x86_64-linux-gnu/5/../../../x86_64-linux-gnu -L/usr/lib/gcc/x86_64-linux-gnu/5/../../../../lib -L/lib/x86_64-linux-gnu -L/lib/../lib -L/usr/lib/x86_64-linux-gnu -L/usr/lib/../lib -L/usr/lib/gcc/x86_64-linux-gnu/5/../../.. CMakeFiles/cmTC_6283f.dir/CMakeCXXCompilerABI.cpp.o -lstdc++ -lm -lgcc_s -lgcc -lc -lgcc_s -lgcc /usr/lib/gcc/x86_64-linux-gnu/5/crtend.o /usr/lib/gcc/x86_64-linux-gnu/5/../../../x86_64-linux-gnu/crtn.o
make[1]: Leaving directory '/home/jg/klee/build/CMakeFiles/CMakeTmp'


Parsed CXX implicit link information from above output:
  link line regex: [^( *|.*[/\])(ld|([^/\]+-)?ld|collect2)[^/\]*( |$)]
  ignore line: [Change Dir: /home/jg/klee/build/CMakeFiles/CMakeTmp]
  ignore line: []
  ignore line: [Run Build Command:"/usr/bin/make" "cmTC_6283f/fast"]
  ignore line: [/usr/bin/make -f CMakeFiles/cmTC_6283f.dir/build.make CMakeFiles/cmTC_6283f.dir/build]
  ignore line: [make[1]: Entering directory '/home/jg/klee/build/CMakeFiles/CMakeTmp']
  ignore line: [Building CXX object CMakeFiles/cmTC_6283f.dir/CMakeCXXCompilerABI.cpp.o]
  ignore line: [/usr/bin/c++      -o CMakeFiles/cmTC_6283f.dir/CMakeCXXCompilerABI.cpp.o -c /usr/share/cmake-3.5/Modules/CMakeCXXCompilerABI.cpp]
  ignore line: [Linking CXX executable cmTC_6283f]
  ignore line: [/usr/bin/cmake -E cmake_link_script CMakeFiles/cmTC_6283f.dir/link.txt --verbose=1]
  ignore line: [/usr/bin/c++       -v CMakeFiles/cmTC_6283f.dir/CMakeCXXCompilerABI.cpp.o  -o cmTC_6283f -rdynamic  ]
  ignore line: [Using built-in specs.]
  ignore line: [COLLECT_GCC=/usr/bin/c++]
  ignore line: [COLLECT_LTO_WRAPPER=/usr/lib/gcc/x86_64-linux-gnu/5/lto-wrapper]
  ignore line: [Target: x86_64-linux-gnu]
  ignore line: [Configured with: ../src/configure -v --with-pkgversion='Ubuntu 5.4.0-6ubuntu1~16.04.11' --with-bugurl=file:///usr/share/doc/gcc-5/README.Bugs --enable-languages=c,ada,c++,java,go,d,fortran,objc,obj-c++ --prefix=/usr --program-suffix=-5 --enable-shared --enable-linker-build-id --libexecdir=/usr/lib --without-included-gettext --enable-threads=posix --libdir=/usr/lib --enable-nls --with-sysroot=/ --enable-clocale=gnu --enable-libstdcxx-debug --enable-libstdcxx-time=yes --with-default-libstdcxx-abi=new --enable-gnu-unique-object --disable-vtable-verify --enable-libmpx --enable-plugin --with-system-zlib --disable-browser-plugin --enable-java-awt=gtk --enable-gtk-cairo --with-java-home=/usr/lib/jvm/java-1.5.0-gcj-5-amd64/jre --enable-java-home --with-jvm-root-dir=/usr/lib/jvm/java-1.5.0-gcj-5-amd64 --with-jvm-jar-dir=/usr/lib/jvm-exports/java-1.5.0-gcj-5-amd64 --with-arch-directory=amd64 --with-ecj-jar=/usr/share/java/eclipse-ecj.jar --enable-objc-gc --enable-multiarch --disable-werror --with-arch-32=i686 --with-abi=m64 --with-multilib-list=m32,m64,mx32 --enable-multilib --with-tune=generic --enable-checking=release --build=x86_64-linux-gnu --host=x86_64-linux-gnu --target=x86_64-linux-gnu]
  ignore line: [Thread model: posix]
  ignore line: [gcc version 5.4.0 20160609 (Ubuntu 5.4.0-6ubuntu1~16.04.11) ]
  ignore line: [COMPILER_PATH=/usr/lib/gcc/x86_64-linux-gnu/5/:/usr/lib/gcc/x86_64-linux-gnu/5/:/usr/lib/gcc/x86_64-linux-gnu/:/usr/lib/gcc/x86_64-linux-gnu/5/:/usr/lib/gcc/x86_64-linux-gnu/]
  ignore line: [LIBRARY_PATH=/usr/lib/gcc/x86_64-linux-gnu/5/:/usr/lib/gcc/x86_64-linux-gnu/5/../../../x86_64-linux-gnu/:/usr/lib/gcc/x86_64-linux-gnu/5/../../../../lib/:/lib/x86_64-linux-gnu/:/lib/../lib/:/usr/lib/x86_64-linux-gnu/:/usr/lib/../lib/:/usr/lib/gcc/x86_64-linux-gnu/5/../../../:/lib/:/usr/lib/]
  ignore line: [COLLECT_GCC_OPTIONS='-v' '-o' 'cmTC_6283f' '-rdynamic' '-shared-libgcc' '-mtune=generic' '-march=x86-64']
  link line: [ /usr/lib/gcc/x86_64-linux-gnu/5/collect2 -plugin /usr/lib/gcc/x86_64-linux-gnu/5/liblto_plugin.so -plugin-opt=/usr/lib/gcc/x86_64-linux-gnu/5/lto-wrapper -plugin-opt=-fresolution=/tmp/ccVXDFaw.res -plugin-opt=-pass-through=-lgcc_s -plugin-opt=-pass-through=-lgcc -plugin-opt=-pass-through=-lc -plugin-opt=-pass-through=-lgcc_s -plugin-opt=-pass-through=-lgcc --sysroot=/ --build-id --eh-frame-hdr -m elf_x86_64 --hash-style=gnu --as-needed -export-dynamic -dynamic-linker /lib64/ld-linux-x86-64.so.2 -z relro -o cmTC_6283f /usr/lib/gcc/x86_64-linux-gnu/5/../../../x86_64-linux-gnu/crt1.o /usr/lib/gcc/x86_64-linux-gnu/5/../../../x86_64-linux-gnu/crti.o /usr/lib/gcc/x86_64-linux-gnu/5/crtbegin.o -L/usr/lib/gcc/x86_64-linux-gnu/5 -L/usr/lib/gcc/x86_64-linux-gnu/5/../../../x86_64-linux-gnu -L/usr/lib/gcc/x86_64-linux-gnu/5/../../../../lib -L/lib/x86_64-linux-gnu -L/lib/../lib -L/usr/lib/x86_64-linux-gnu -L/usr/lib/../lib -L/usr/lib/gcc/x86_64-linux-gnu/5/../../.. CMakeFiles/cmTC_6283f.dir/CMakeCXXCompilerABI.cpp.o -lstdc++ -lm -lgcc_s -lgcc -lc -lgcc_s -lgcc /usr/lib/gcc/x86_64-linux-gnu/5/crtend.o /usr/lib/gcc/x86_64-linux-gnu/5/../../../x86_64-linux-gnu/crtn.o]
    arg [/usr/lib/gcc/x86_64-linux-gnu/5/collect2] ==> ignore
    arg [-plugin] ==> ignore
    arg [/usr/lib/gcc/x86_64-linux-gnu/5/liblto_plugin.so] ==> ignore
    arg [-plugin-opt=/usr/lib/gcc/x86_64-linux-gnu/5/lto-wrapper] ==> ignore
    arg [-plugin-opt=-fresolution=/tmp/ccVXDFaw.res] ==> ignore
    arg [-plugin-opt=-pass-through=-lgcc_s] ==> ignore
    arg [-plugin-opt=-pass-through=-lgcc] ==> ignore
    arg [-plugin-opt=-pass-through=-lc] ==> ignore
    arg [-plugin-opt=-pass-through=-lgcc_s] ==> ignore
    arg [-plugin-opt=-pass-through=-lgcc] ==> ignore
    arg [--sysroot=/] ==> ignore
    arg [--build-id] ==> ignore
    arg [--eh-frame-hdr] ==> ignore
    arg [-m] ==> ignore
    arg [elf_x86_64] ==> ignore
    arg [--hash-style=gnu] ==> ignore
    arg [--as-needed] ==> ignore
    arg [-export-dynamic] ==> ignore
    arg [-dynamic-linker] ==> ignore
    arg [/lib64/ld-linux-x86-64.so.2] ==> ignore
    arg [-zrelro] ==> ignore
    arg [-o] ==> ignore
    arg [cmTC_6283f] ==> ignore
    arg [/usr/lib/gcc/x86_64-linux-gnu/5/../../../x86_64-linux-gnu/crt1.o] ==> ignore
    arg [/usr/lib/gcc/x86_64-linux-gnu/5/../../../x86_64-linux-gnu/crti.o] ==> ignore
    arg [/usr/lib/gcc/x86_64-linux-gnu/5/crtbegin.o] ==> ignore
    arg [-L/usr/lib/gcc/x86_64-linux-gnu/5] ==> dir [/usr/lib/gcc/x86_64-linux-gnu/5]
    arg [-L/usr/lib/gcc/x86_64-linux-gnu/5/../../../x86_64-linux-gnu] ==> dir [/usr/lib/gcc/x86_64-linux-gnu/5/../../../x86_64-linux-gnu]
    arg [-L/usr/lib/gcc/x86_64-linux-gnu/5/../../../../lib] ==> dir [/usr/lib/gcc/x86_64-linux-gnu/5/../../../../lib]
    arg [-L/lib/x86_64-linux-gnu] ==> dir [/lib/x86_64-linux-gnu]
    arg [-L/lib/../lib] ==> dir [/lib/../lib]
    arg [-L/usr/lib/x86_64-linux-gnu] ==> dir [/usr/lib/x86_64-linux-gnu]
    arg [-L/usr/lib/../lib] ==> dir [/usr/lib/../lib]
    arg [-L/usr/lib/gcc/x86_64-linux-gnu/5/../../..] ==> dir [/usr/lib/gcc/x86_64-linux-gnu/5/../../..]
    arg [CMakeFiles/cmTC_6283f.dir/CMakeCXXCompilerABI.cpp.o] ==> ignore
    arg [-lstdc++] ==> lib [stdc++]
    arg [-lm] ==> lib [m]
    arg [-lgcc_s] ==> lib [gcc_s]
    arg [-lgcc] ==> lib [gcc]
    arg [-lc] ==> lib [c]
    arg [-lgcc_s] ==> lib [gcc_s]
    arg [-lgcc] ==> lib [gcc]
    arg [/usr/lib/gcc/x86_64-linux-gnu/5/crtend.o] ==> ignore
    arg [/usr/lib/gcc/x86_64-linux-gnu/5/../../../x86_64-linux-gnu/crtn.o] ==> ignore
  remove lib [gcc_s]
  remove lib [gcc]
  remove lib [gcc_s]
  remove lib [gcc]
  collapse library dir [/usr/lib/gcc/x86_64-linux-gnu/5] ==> [/usr/lib/gcc/x86_64-linux-gnu/5]
  collapse library dir [/usr/lib/gcc/x86_64-linux-gnu/5/../../../x86_64-linux-gnu] ==> [/usr/lib/x86_64-linux-gnu]
  collapse library dir [/usr/lib/gcc/x86_64-linux-gnu/5/../../../../lib] ==> [/usr/lib]
  collapse library dir [/lib/x86_64-linux-gnu] ==> [/lib/x86_64-linux-gnu]
  collapse library dir [/lib/../lib] ==> [/lib]
  collapse library dir [/usr/lib/x86_64-linux-gnu] ==> [/usr/lib/x86_64-linux-gnu]
  collapse library dir [/usr/lib/../lib] ==> [/usr/lib]
  collapse library dir [/usr/lib/gcc/x86_64-linux-gnu/5/../../..] ==> [/usr/lib]
  implicit libs: [stdc++;m;c]
  implicit dirs: [/usr/lib/gcc/x86_64-linux-gnu/5;/usr/lib/x86_64-linux-gnu;/usr/lib;/lib/x86_64-linux-gnu;/lib]
  implicit fwks: []




Detecting CXX [-std=c++14] compiler features compiled with the following output:
Change Dir: /home/jg/klee/build/CMakeFiles/CMakeTmp

Run Build Command:"/usr/bin/make" "cmTC_182c6/fast"
/usr/bin/make -f CMakeFiles/cmTC_182c6.dir/build.make CMakeFiles/cmTC_182c6.dir/build
make[1]: Entering directory '/home/jg/klee/build/CMakeFiles/CMakeTmp'
Building CXX object CMakeFiles/cmTC_182c6.dir/feature_tests.cxx.o
/usr/bin/c++     -std=c++14 -o CMakeFiles/cmTC_182c6.dir/feature_tests.cxx.o -c /home/jg/klee/build/CMakeFiles/feature_tests.cxx
Linking CXX executable cmTC_182c6
/usr/bin/cmake -E cmake_link_script CMakeFiles/cmTC_182c6.dir/link.txt --verbose=1
/usr/bin/c++        CMakeFiles/cmTC_182c6.dir/feature_tests.cxx.o  -o cmTC_182c6 -rdynamic 
make[1]: Leaving directory '/home/jg/klee/build/CMakeFiles/CMakeTmp'


    Feature record: CXX_FEATURE:1cxx_aggregate_default_initializers
    Feature record: CXX_FEATURE:1cxx_alias_templates
    Feature record: CXX_FEATURE:1cxx_alignas
    Feature record: CXX_FEATURE:1cxx_alignof
    Feature record: CXX_FEATURE:1cxx_attributes
    Feature record: CXX_FEATURE:1cxx_attribute_deprecated
    Feature record: CXX_FEATURE:1cxx_auto_type
    Feature record: CXX_FEATURE:1cxx_binary_literals
    Feature record: CXX_FEATURE:1cxx_constexpr
    Feature record: CXX_FEATURE:1cxx_contextual_conversions
    Feature record: CXX_FEATURE:1cxx_decltype
    Feature record: CXX_FEATURE:1cxx_decltype_auto
    Feature record: CXX_FEATURE:1cxx_decltype_incomplete_return_types
    Feature record: CXX_FEATURE:1cxx_default_function_template_args
    Feature record: CXX_FEATURE:1cxx_defaulted_functions
    Feature record: CXX_FEATURE:1cxx_defaulted_move_initializers
    Feature record: CXX_FEATURE:1cxx_delegating_constructors
    Feature record: CXX_FEATURE:1cxx_deleted_functions
    Feature record: CXX_FEATURE:1cxx_digit_separators
    Feature record: CXX_FEATURE:1cxx_enum_forward_declarations
    Feature record: CXX_FEATURE:1cxx_explicit_conversions
    Feature record: CXX_FEATURE:1cxx_extended_friend_declarations
    Feature record: CXX_FEATURE:1cxx_extern_templates
    Feature record: CXX_FEATURE:1cxx_final
    Feature record: CXX_FEATURE:1cxx_func_identifier
    Feature record: CXX_FEATURE:1cxx_generalized_initializers
    Feature record: CXX_FEATURE:1cxx_generic_lambdas
    Feature record: CXX_FEATURE:1cxx_inheriting_constructors
    Feature record: CXX_FEATURE:1cxx_inline_namespaces
    Feature record: CXX_FEATURE:1cxx_lambdas
    Feature record: CXX_FEATURE:1cxx_lambda_init_captures
    Feature record: CXX_FEATURE:1cxx_local_type_template_args
    Feature record: CXX_FEATURE:1cxx_long_long_type
    Feature record: CXX_FEATURE:1cxx_noexcept
    Feature record: CXX_FEATURE:1cxx_nonstatic_member_init
    Feature record: CXX_FEATURE:1cxx_nullptr
    Feature record: CXX_FEATURE:1cxx_override
    Feature record: CXX_FEATURE:1cxx_range_for
    Feature record: CXX_FEATURE:1cxx_raw_string_literals
    Feature record: CXX_FEATURE:1cxx_reference_qualified_functions
    Feature record: CXX_FEATURE:1cxx_relaxed_constexpr
    Feature record: CXX_FEATURE:1cxx_return_type_deduction
    Feature record: CXX_FEATURE:1cxx_right_angle_brackets
    Feature record: CXX_FEATURE:1cxx_rvalue_references
    Feature record: CXX_FEATURE:1cxx_sizeof_member
    Feature record: CXX_FEATURE:1cxx_static_assert
    Feature record: CXX_FEATURE:1cxx_strong_enums
    Feature record: CXX_FEATURE:1cxx_template_template_parameters
    Feature record: CXX_FEATURE:1cxx_thread_local
    Feature record: CXX_FEATURE:1cxx_trailing_return_types
    Feature record: CXX_FEATURE:1cxx_unicode_literals
    Feature record: CXX_FEATURE:1cxx_uniform_initialization
    Feature record: CXX_FEATURE:1cxx_unrestricted_unions
    Feature record: CXX_FEATURE:1cxx_user_literals
    Feature record: CXX_FEATURE:1cxx_variable_templates
    Feature record: CXX_FEATURE:1cxx_variadic_macros
    Feature record: CXX_FEATURE:1cxx_variadic_templates


Detecting CXX [-std=c++11] compiler features compiled with the following output:
Change Dir: /home/jg/klee/build/CMakeFiles/CMakeTmp

Run Build Command:"/usr/bin/make" "cmTC_b73da/fast"
/usr/bin/make -f CMakeFiles/cmTC_b73da.dir/build.make CMakeFiles/cmTC_b73da.dir/build
make[1]: Entering directory '/home/jg/klee/build/CMakeFiles/CMakeTmp'
Building CXX object CMakeFiles/cmTC_b73da.dir/feature_tests.cxx.o
/usr/bin/c++     -std=c++11 -o CMakeFiles/cmTC_b73da.dir/feature_tests.cxx.o -c /home/jg/klee/build/CMakeFiles/feature_tests.cxx
Linking CXX executable cmTC_b73da
/usr/bin/cmake -E cmake_link_script CMakeFiles/cmTC_b73da.dir/link.txt --verbose=1
/usr/bin/c++        CMakeFiles/cmTC_b73da.dir/feature_tests.cxx.o  -o cmTC_b73da -rdynamic 
make[1]: Leaving directory '/home/jg/klee/build/CMakeFiles/CMakeTmp'


    Feature record: CXX_FEATURE:0cxx_aggregate_default_initializers
    Feature record: CXX_FEATURE:1cxx_alias_templates
    Feature record: CXX_FEATURE:1cxx_alignas
    Feature record: CXX_FEATURE:1cxx_alignof
    Feature record: CXX_FEATURE:1cxx_attributes
    Feature record: CXX_FEATURE:0cxx_attribute_deprecated
    Feature record: CXX_FEATURE:1cxx_auto_type
    Feature record: CXX_FEATURE:0cxx_binary_literals
    Feature record: CXX_FEATURE:1cxx_constexpr
    Feature record: CXX_FEATURE:0cxx_contextual_conversions
    Feature record: CXX_FEATURE:1cxx_decltype
    Feature record: CXX_FEATURE:0cxx_decltype_auto
    Feature record: CXX_FEATURE:1cxx_decltype_incomplete_return_types
    Feature record: CXX_FEATURE:1cxx_default_function_template_args
    Feature record: CXX_FEATURE:1cxx_defaulted_functions
    Feature record: CXX_FEATURE:1cxx_defaulted_move_initializers
    Feature record: CXX_FEATURE:1cxx_delegating_constructors
    Feature record: CXX_FEATURE:1cxx_deleted_functions
    Feature record: CXX_FEATURE:0cxx_digit_separators
    Feature record: CXX_FEATURE:1cxx_enum_forward_declarations
    Feature record: CXX_FEATURE:1cxx_explicit_conversions
    Feature record: CXX_FEATURE:1cxx_extended_friend_declarations
    Feature record: CXX_FEATURE:1cxx_extern_templates
    Feature record: CXX_FEATURE:1cxx_final
    Feature record: CXX_FEATURE:1cxx_func_identifier
    Feature record: CXX_FEATURE:1cxx_generalized_initializers
    Feature record: CXX_FEATURE:0cxx_generic_lambdas
    Feature record: CXX_FEATURE:1cxx_inheriting_constructors
    Feature record: CXX_FEATURE:1cxx_inline_namespaces
    Feature record: CXX_FEATURE:1cxx_lambdas
    Feature record: CXX_FEATURE:0cxx_lambda_init_captures
    Feature record: CXX_FEATURE:1cxx_local_type_template_args
    Feature record: CXX_FEATURE:1cxx_long_long_type
    Feature record: CXX_FEATURE:1cxx_noexcept
    Feature record: CXX_FEATURE:1cxx_nonstatic_member_init
    Feature record: CXX_FEATURE:1cxx_nullptr
    Feature record: CXX_FEATURE:1cxx_override
    Feature record: CXX_FEATURE:1cxx_range_for
    Feature record: CXX_FEATURE:1cxx_raw_string_literals
    Feature record: CXX_FEATURE:1cxx_reference_qualified_functions
    Feature record: CXX_FEATURE:0cxx_relaxed_constexpr
    Feature record: CXX_FEATURE:0cxx_return_type_deduction
    Feature record: CXX_FEATURE:1cxx_right_angle_brackets
    Feature record: CXX_FEATURE:1cxx_rvalue_references
    Feature record: CXX_FEATURE:1cxx_sizeof_member
    Feature record: CXX_FEATURE:1cxx_static_assert
    Feature record: CXX_FEATURE:1cxx_strong_enums
    Feature record: CXX_FEATURE:1cxx_template_template_parameters
    Feature record: CXX_FEATURE:1cxx_thread_local
    Feature record: CXX_FEATURE:1cxx_trailing_return_types
    Feature record: CXX_FEATURE:1cxx_unicode_literals
    Feature record: CXX_FEATURE:1cxx_uniform_initialization
    Feature record: CXX_FEATURE:1cxx_unrestricted_unions
    Feature record: CXX_FEATURE:1cxx_user_literals
    Feature record: CXX_FEATURE:0cxx_variable_templates
    Feature record: CXX_FEATURE:1cxx_variadic_macros
    Feature record: CXX_FEATURE:1cxx_variadic_templates


Detecting CXX [-std=c++98] compiler features compiled with the following output:
Change Dir: /home/jg/klee/build/CMakeFiles/CMakeTmp

Run Build Command:"/usr/bin/make" "cmTC_ef978/fast"
/usr/bin/make -f CMakeFiles/cmTC_ef978.dir/build.make CMakeFiles/cmTC_ef978.dir/build
make[1]: Entering directory '/home/jg/klee/build/CMakeFiles/CMakeTmp'
Building CXX object CMakeFiles/cmTC_ef978.dir/feature_tests.cxx.o
/usr/bin/c++     -std=c++98 -o CMakeFiles/cmTC_ef978.dir/feature_tests.cxx.o -c /home/jg/klee/build/CMakeFiles/feature_tests.cxx
Linking CXX executable cmTC_ef978
/usr/bin/cmake -E cmake_link_script CMakeFiles/cmTC_ef978.dir/link.txt --verbose=1
/usr/bin/c++        CMakeFiles/cmTC_ef978.dir/feature_tests.cxx.o  -o cmTC_ef978 -rdynamic 
make[1]: Leaving directory '/home/jg/klee/build/CMakeFiles/CMakeTmp'


    Feature record: CXX_FEATURE:0cxx_aggregate_default_initializers
    Feature record: CXX_FEATURE:0cxx_alias_templates
    Feature record: CXX_FEATURE:0cxx_alignas
    Feature record: CXX_FEATURE:0cxx_alignof
    Feature record: CXX_FEATURE:0cxx_attributes
    Feature record: CXX_FEATURE:0cxx_attribute_deprecated
    Feature record: CXX_FEATURE:0cxx_auto_type
    Feature record: CXX_FEATURE:0cxx_binary_literals
    Feature record: CXX_FEATURE:0cxx_constexpr
    Feature record: CXX_FEATURE:0cxx_contextual_conversions
    Feature record: CXX_FEATURE:0cxx_decltype
    Feature record: CXX_FEATURE:0cxx_decltype_auto
    Feature record: CXX_FEATURE:0cxx_decltype_incomplete_return_types
    Feature record: CXX_FEATURE:0cxx_default_function_template_args
    Feature record: CXX_FEATURE:0cxx_defaulted_functions
    Feature record: CXX_FEATURE:0cxx_defaulted_move_initializers
    Feature record: CXX_FEATURE:0cxx_delegating_constructors
    Feature record: CXX_FEATURE:0cxx_deleted_functions
    Feature record: CXX_FEATURE:0cxx_digit_separators
    Feature record: CXX_FEATURE:0cxx_enum_forward_declarations
    Feature record: CXX_FEATURE:0cxx_explicit_conversions
    Feature record: CXX_FEATURE:0cxx_extended_friend_declarations
    Feature record: CXX_FEATURE:0cxx_extern_templates
    Feature record: CXX_FEATURE:0cxx_final
    Feature record: CXX_FEATURE:0cxx_func_identifier
    Feature record: CXX_FEATURE:0cxx_generalized_initializers
    Feature record: CXX_FEATURE:0cxx_generic_lambdas
    Feature record: CXX_FEATURE:0cxx_inheriting_constructors
    Feature record: CXX_FEATURE:0cxx_inline_namespaces
    Feature record: CXX_FEATURE:0cxx_lambdas
    Feature record: CXX_FEATURE:0cxx_lambda_init_captures
    Feature record: CXX_FEATURE:0cxx_local_type_template_args
    Feature record: CXX_FEATURE:0cxx_long_long_type
    Feature record: CXX_FEATURE:0cxx_noexcept
    Feature record: CXX_FEATURE:0cxx_nonstatic_member_init
    Feature record: CXX_FEATURE:0cxx_nullptr
    Feature record: CXX_FEATURE:0cxx_override
    Feature record: CXX_FEATURE:0cxx_range_for
    Feature record: CXX_FEATURE:0cxx_raw_string_literals
    Feature record: CXX_FEATURE:0cxx_reference_qualified_functions
    Feature record: CXX_FEATURE:0cxx_relaxed_constexpr
    Feature record: CXX_FEATURE:0cxx_return_type_deduction
    Feature record: CXX_FEATURE:0cxx_right_angle_brackets
    Feature record: CXX_FEATURE:0cxx_rvalue_references
    Feature record: CXX_FEATURE:0cxx_sizeof_member
    Feature record: CXX_FEATURE:0cxx_static_assert
    Feature record: CXX_FEATURE:0cxx_strong_enums
    Feature record: CXX_FEATURE:1cxx_template_template_parameters
    Feature record: CXX_FEATURE:0cxx_thread_local
    Feature record: CXX_FEATURE:0cxx_trailing_return_types
    Feature record: CXX_FEATURE:0cxx_unicode_literals
    Feature record: CXX_FEATURE:0cxx_uniform_initialization
    Feature record: CXX_FEATURE:0cxx_unrestricted_unions
    Feature record: CXX_FEATURE:0cxx_user_literals
    Feature record: CXX_FEATURE:0cxx_variable_templates
    Feature record: CXX_FEATURE:0cxx_variadic_macros
    Feature record: CXX_FEATURE:0cxx_variadic_templates
Determining if the C compiler works passed with the following output:
Change Dir: /home/jg/klee/build/CMakeFiles/CMakeTmp

Run Build Command:"/usr/bin/make" "cmTC_e1e00/fast"
/usr/bin/make -f CMakeFiles/cmTC_e1e00.dir/build.make CMakeFiles/cmTC_e1e00.dir/build
make[1]: Entering directory '/home/jg/klee/build/CMakeFiles/CMakeTmp'
Building C object CMakeFiles/cmTC_e1e00.dir/testCCompiler.c.o
/usr/bin/cc     -o CMakeFiles/cmTC_e1e00.dir/testCCompiler.c.o   -c /home/jg/klee/build/CMakeFiles/CMakeTmp/testCCompiler.c
Linking C executable cmTC_e1e00
/usr/bin/cmake -E cmake_link_script CMakeFiles/cmTC_e1e00.dir/link.txt --verbose=1
/usr/bin/cc       CMakeFiles/cmTC_e1e00.dir/testCCompiler.c.o  -o cmTC_e1e00 -rdynamic 
make[1]: Leaving directory '/home/jg/klee/build/CMakeFiles/CMakeTmp'


Detecting C compiler ABI info compiled with the following output:
Change Dir: /home/jg/klee/build/CMakeFiles/CMakeTmp

Run Build Command:"/usr/bin/make" "cmTC_94f71/fast"
/usr/bin/make -f CMakeFiles/cmTC_94f71.dir/build.make CMakeFiles/cmTC_94f71.dir/build
make[1]: Entering directory '/home/jg/klee/build/CMakeFiles/CMakeTmp'
Building C object CMakeFiles/cmTC_94f71.dir/CMakeCCompilerABI.c.o
/usr/bin/cc     -o CMakeFiles/cmTC_94f71.dir/CMakeCCompilerABI.c.o   -c /usr/share/cmake-3.5/Modules/CMakeCCompilerABI.c
Linking C executable cmTC_94f71
/usr/bin/cmake -E cmake_link_script CMakeFiles/cmTC_94f71.dir/link.txt --verbose=1
/usr/bin/cc      -v CMakeFiles/cmTC_94f71.dir/CMakeCCompilerABI.c.o  -o cmTC_94f71 -rdynamic  
Using built-in specs.
COLLECT_GCC=/usr/bin/cc
COLLECT_LTO_WRAPPER=/usr/lib/gcc/x86_64-linux-gnu/5/lto-wrapper
Target: x86_64-linux-gnu
Configured with: ../src/configure -v --with-pkgversion='Ubuntu 5.4.0-6ubuntu1~16.04.11' --with-bugurl=file:///usr/share/doc/gcc-5/README.Bugs --enable-languages=c,ada,c++,java,go,d,fortran,objc,obj-c++ --prefix=/usr --program-suffix=-5 --enable-shared --enable-linker-build-id --libexecdir=/usr/lib --without-included-gettext --enable-threads=posix --libdir=/usr/lib --enable-nls --with-sysroot=/ --enable-clocale=gnu --enable-libstdcxx-debug --enable-libstdcxx-time=yes --with-default-libstdcxx-abi=new --enable-gnu-unique-object --disable-vtable-verify --enable-libmpx --enable-plugin --with-system-zlib --disable-browser-plugin --enable-java-awt=gtk --enable-gtk-cairo --with-java-home=/usr/lib/jvm/java-1.5.0-gcj-5-amd64/jre --enable-java-home --with-jvm-root-dir=/usr/lib/jvm/java-1.5.0-gcj-5-amd64 --with-jvm-jar-dir=/usr/lib/jvm-exports/java-1.5.0-gcj-5-amd64 --with-arch-directory=amd64 --with-ecj-jar=/usr/share/java/eclipse-ecj.jar --enable-objc-gc --enable-multiarch --disable-werror --with-arch-32=i686 --with-abi=m64 --with-multilib-list=m32,m64,mx32 --enable-multilib --with-tune=generic --enable-checking=release --build=x86_64-linux-gnu --host=x86_64-linux-gnu --target=x86_64-linux-gnu
Thread model: posix
gcc version 5.4.0 20160609 (Ubuntu 5.4.0-6ubuntu1~16.04.11) 
COMPILER_PATH=/usr/lib/gcc/x86_64-linux-gnu/5/:/usr/lib/gcc/x86_64-linux-gnu/5/:/usr/lib/gcc/x86_64-linux-gnu/:/usr/lib/gcc/x86_64-linux-gnu/5/:/usr/lib/gcc/x86_64-linux-gnu/
LIBRARY_PATH=/usr/lib/gcc/x86_64-linux-gnu/5/:/usr/lib/gcc/x86_64-linux-gnu/5/../../../x86_64-linux-gnu/:/usr/lib/gcc/x86_64-linux-gnu/5/../../../../lib/:/lib/x86_64-linux-gnu/:/lib/../lib/:/usr/lib/x86_64-linux-gnu/:/usr/lib/../lib/:/usr/lib/gcc/x86_64-linux-gnu/5/../../../:/lib/:/usr/lib/
COLLECT_GCC_OPTIONS='-v' '-o' 'cmTC_94f71' '-rdynamic' '-mtune=generic' '-march=x86-64'
 /usr/lib/gcc/x86_64-linux-gnu/5/collect2 -plugin /usr/lib/gcc/x86_64-linux-gnu/5/liblto_plugin.so -plugin-opt=/usr/lib/gcc/x86_64-linux-gnu/5/lto-wrapper -plugin-opt=-fresolution=/tmp/ccuTMBjf.res -plugin-opt=-pass-through=-lgcc -plugin-opt=-pass-through=-lgcc_s -plugin-opt=-pass-through=-lc -plugin-opt=-pass-through=-lgcc -plugin-opt=-pass-through=-lgcc_s --sysroot=/ --build-id --eh-frame-hdr -m elf_x86_64 --hash-style=gnu --as-needed -export-dynamic -dynamic-linker /lib64/ld-linux-x86-64.so.2 -z relro -o cmTC_94f71 /usr/lib/gcc/x86_64-linux-gnu/5/../../../x86_64-linux-gnu/crt1.o /usr/lib/gcc/x86_64-linux-gnu/5/../../../x86_64-linux-gnu/crti.o /usr/lib/gcc/x86_64-linux-gnu/5/crtbegin.o -L/usr/lib/gcc/x86_64-linux-gnu/5 -L/usr/lib/gcc/x86_64-linux-gnu/5/../../../x86_64-linux-gnu -L/usr/lib/gcc/x86_64-linux-gnu/5/../../../../lib -L/lib/x86_64-linux-gnu -L/lib/../lib -L/usr/lib/x86_64-linux-gnu -L/usr/lib/../lib -L/usr/lib/gcc/x86_64-linux-gnu/5/../../.. CMakeFiles/cmTC_94f71.dir/CMakeCCompilerABI.c.o -lgcc --as-needed -lgcc_s --no-as-needed -lc -lgcc --as-needed -lgcc_s --no-as-needed /usr/lib/gcc/x86_64-linux-gnu/5/crtend.o /usr/lib/gcc/x86_64-linux-gnu/5/../../../x86_64-linux-gnu/crtn.o
make[1]: Leaving directory '/home/jg/klee/build/CMakeFiles/CMakeTmp'


Parsed C implicit link information from above output:
  link line regex: [^( *|.*[/\])(ld|([^/\]+-)?ld|collect2)[^/\]*( |$)]
  ignore line: [Change Dir: /home/jg/klee/build/CMakeFiles/CMakeTmp]
  ignore line: []
  ignore line: [Run Build Command:"/usr/bin/make" "cmTC_94f71/fast"]
  ignore line: [/usr/bin/make -f CMakeFiles/cmTC_94f71.dir/build.make CMakeFiles/cmTC_94f71.dir/build]
  ignore line: [make[1]: Entering directory '/home/jg/klee/build/CMakeFiles/CMakeTmp']
  ignore line: [Building C object CMakeFiles/cmTC_94f71.dir/CMakeCCompilerABI.c.o]
  ignore line: [/usr/bin/cc     -o CMakeFiles/cmTC_94f71.dir/CMakeCCompilerABI.c.o   -c /usr/share/cmake-3.5/Modules/CMakeCCompilerABI.c]
  ignore line: [Linking C executable cmTC_94f71]
  ignore line: [/usr/bin/cmake -E cmake_link_script CMakeFiles/cmTC_94f71.dir/link.txt --verbose=1]
  ignore line: [/usr/bin/cc      -v CMakeFiles/cmTC_94f71.dir/CMakeCCompilerABI.c.o  -o cmTC_94f71 -rdynamic  ]
  ignore line: [Using built-in specs.]
  ignore line: [COLLECT_GCC=/usr/bin/cc]
  ignore line: [COLLECT_LTO_WRAPPER=/usr/lib/gcc/x86_64-linux-gnu/5/lto-wrapper]
  ignore line: [Target: x86_64-linux-gnu]
  ignore line: [Configured with: ../src/configure -v --with-pkgversion='Ubuntu 5.4.0-6ubuntu1~16.04.11' --with-bugurl=file:///usr/share/doc/gcc-5/README.Bugs --enable-languages=c,ada,c++,java,go,d,fortran,objc,obj-c++ --prefix=/usr --program-suffix=-5 --enable-shared --enable-linker-build-id --libexecdir=/usr/lib --without-included-gettext --enable-threads=posix --libdir=/usr/lib --enable-nls --with-sysroot=/ --enable-clocale=gnu --enable-libstdcxx-debug --enable-libstdcxx-time=yes --with-default-libstdcxx-abi=new --enable-gnu-unique-object --disable-vtable-verify --enable-libmpx --enable-plugin --with-system-zlib --disable-browser-plugin --enable-java-awt=gtk --enable-gtk-cairo --with-java-home=/usr/lib/jvm/java-1.5.0-gcj-5-amd64/jre --enable-java-home --with-jvm-root-dir=/usr/lib/jvm/java-1.5.0-gcj-5-amd64 --with-jvm-jar-dir=/usr/lib/jvm-exports/java-1.5.0-gcj-5-amd64 --with-arch-directory=amd64 --with-ecj-jar=/usr/share/java/eclipse-ecj.jar --enable-objc-gc --enable-multiarch --disable-werror --with-arch-32=i686 --with-abi=m64 --with-multilib-list=m32,m64,mx32 --enable-multilib --with-tune=generic --enable-checking=release --build=x86_64-linux-gnu --host=x86_64-linux-gnu --target=x86_64-linux-gnu]
  ignore line: [Thread model: posix]
  ignore line: [gcc version 5.4.0 20160609 (Ubuntu 5.4.0-6ubuntu1~16.04.11) ]
  ignore line: [COMPILER_PATH=/usr/lib/gcc/x86_64-linux-gnu/5/:/usr/lib/gcc/x86_64-linux-gnu/5/:/usr/lib/gcc/x86_64-linux-gnu/:/usr/lib/gcc/x86_64-linux-gnu/5/:/usr/lib/gcc/x86_64-linux-gnu/]
  ignore line: [LIBRARY_PATH=/usr/lib/gcc/x86_64-linux-gnu/5/:/usr/lib/gcc/x86_64-linux-gnu/5/../../../x86_64-linux-gnu/:/usr/lib/gcc/x86_64-linux-gnu/5/../../../../lib/:/lib/x86_64-linux-gnu/:/lib/../lib/:/usr/lib/x86_64-linux-gnu/:/usr/lib/../lib/:/usr/lib/gcc/x86_64-linux-gnu/5/../../../:/lib/:/usr/lib/]
  ignore line: [COLLECT_GCC_OPTIONS='-v' '-o' 'cmTC_94f71' '-rdynamic' '-mtune=generic' '-march=x86-64']
  link line: [ /usr/lib/gcc/x86_64-linux-gnu/5/collect2 -plugin /usr/lib/gcc/x86_64-linux-gnu/5/liblto_plugin.so -plugin-opt=/usr/lib/gcc/x86_64-linux-gnu/5/lto-wrapper -plugin-opt=-fresolution=/tmp/ccuTMBjf.res -plugin-opt=-pass-through=-lgcc -plugin-opt=-pass-through=-lgcc_s -plugin-opt=-pass-through=-lc -plugin-opt=-pass-through=-lgcc -plugin-opt=-pass-through=-lgcc_s --sysroot=/ --build-id --eh-frame-hdr -m elf_x86_64 --hash-style=gnu --as-needed -export-dynamic -dynamic-linker /lib64/ld-linux-x86-64.so.2 -z relro -o cmTC_94f71 /usr/lib/gcc/x86_64-linux-gnu/5/../../../x86_64-linux-gnu/crt1.o /usr/lib/gcc/x86_64-linux-gnu/5/../../../x86_64-linux-gnu/crti.o /usr/lib/gcc/x86_64-linux-gnu/5/crtbegin.o -L/usr/lib/gcc/x86_64-linux-gnu/5 -L/usr/lib/gcc/x86_64-linux-gnu/5/../../../x86_64-linux-gnu -L/usr/lib/gcc/x86_64-linux-gnu/5/../../../../lib -L/lib/x86_64-linux-gnu -L/lib/../lib -L/usr/lib/x86_64-linux-gnu -L/usr/lib/../lib -L/usr/lib/gcc/x86_64-linux-gnu/5/../../.. CMakeFiles/cmTC_94f71.dir/CMakeCCompilerABI.c.o -lgcc --as-needed -lgcc_s --no-as-needed -lc -lgcc --as-needed -lgcc_s --no-as-needed /usr/lib/gcc/x86_64-linux-gnu/5/crtend.o /usr/lib/gcc/x86_64-linux-gnu/5/../../../x86_64-linux-gnu/crtn.o]
    arg [/usr/lib/gcc/x86_64-linux-gnu/5/collect2] ==> ignore
    arg [-plugin] ==> ignore
    arg [/usr/lib/gcc/x86_64-linux-gnu/5/liblto_plugin.so] ==> ignore
    arg [-plugin-opt=/usr/lib/gcc/x86_64-linux-gnu/5/lto-wrapper] ==> ignore
    arg [-plugin-opt=-fresolution=/tmp/ccuTMBjf.res] ==> ignore
    arg [-plugin-opt=-pass-through=-lgcc] ==> ignore
    arg [-plugin-opt=-pass-through=-lgcc_s] ==> ignore
    arg [-plugin-opt=-pass-through=-lc] ==> ignore
    arg [-plugin-opt=-pass-through=-lgcc] ==> ignore
    arg [-plugin-opt=-pass-through=-lgcc_s] ==> ignore
    arg [--sysroot=/] ==> ignore
    arg [--build-id] ==> ignore
    arg [--eh-frame-hdr] ==> ignore
    arg [-m] ==> ignore
    arg [elf_x86_64] ==> ignore
    arg [--hash-style=gnu] ==> ignore
    arg [--as-needed] ==> ignore
    arg [-export-dynamic] ==> ignore
    arg [-dynamic-linker] ==> ignore
    arg [/lib64/ld-linux-x86-64.so.2] ==> ignore
    arg [-zrelro] ==> ignore
    arg [-o] ==> ignore
    arg [cmTC_94f71] ==> ignore
    arg [/usr/lib/gcc/x86_64-linux-gnu/5/../../../x86_64-linux-gnu/crt1.o] ==> ignore
    arg [/usr/lib/gcc/x86_64-linux-gnu/5/../../../x86_64-linux-gnu/crti.o] ==> ignore
    arg [/usr/lib/gcc/x86_64-linux-gnu/5/crtbegin.o] ==> ignore
    arg [-L/usr/lib/gcc/x86_64-linux-gnu/5] ==> dir [/usr/lib/gcc/x86_64-linux-gnu/5]
    arg [-L/usr/lib/gcc/x86_64-linux-gnu/5/../../../x86_64-linux-gnu] ==> dir [/usr/lib/gcc/x86_64-linux-gnu/5/../../../x86_64-linux-gnu]
    arg [-L/usr/lib/gcc/x86_64-linux-gnu/5/../../../../lib] ==> dir [/usr/lib/gcc/x86_64-linux-gnu/5/../../../../lib]
    arg [-L/lib/x86_64-linux-gnu] ==> dir [/lib/x86_64-linux-gnu]
    arg [-L/lib/../lib] ==> dir [/lib/../lib]
    arg [-L/usr/lib/x86_64-linux-gnu] ==> dir [/usr/lib/x86_64-linux-gnu]
    arg [-L/usr/lib/../lib] ==> dir [/usr/lib/../lib]
    arg [-L/usr/lib/gcc/x86_64-linux-gnu/5/../../..] ==> dir [/usr/lib/gcc/x86_64-linux-gnu/5/../../..]
    arg [CMakeFiles/cmTC_94f71.dir/CMakeCCompilerABI.c.o] ==> ignore
    arg [-lgcc] ==> lib [gcc]
    arg [--as-needed] ==> ignore
    arg [-lgcc_s] ==> lib [gcc_s]
    arg [--no-as-needed] ==> ignore
    arg [-lc] ==> lib [c]
    arg [-lgcc] ==> lib [gcc]
    arg [--as-needed] ==> ignore
    arg [-lgcc_s] ==> lib [gcc_s]
    arg [--no-as-needed] ==> ignore
    arg [/usr/lib/gcc/x86_64-linux-gnu/5/crtend.o] ==> ignore
    arg [/usr/lib/gcc/x86_64-linux-gnu/5/../../../x86_64-linux-gnu/crtn.o] ==> ignore
  remove lib [gcc]
  remove lib [gcc_s]
  remove lib [gcc]
  remove lib [gcc_s]
  collapse library dir [/usr/lib/gcc/x86_64-linux-gnu/5] ==> [/usr/lib/gcc/x86_64-linux-gnu/5]
  collapse library dir [/usr/lib/gcc/x86_64-linux-gnu/5/../../../x86_64-linux-gnu] ==> [/usr/lib/x86_64-linux-gnu]
  collapse library dir [/usr/lib/gcc/x86_64-linux-gnu/5/../../../../lib] ==> [/usr/lib]
  collapse library dir [/lib/x86_64-linux-gnu] ==> [/lib/x86_64-linux-gnu]
  collapse library dir [/lib/../lib] ==> [/lib]
  collapse library dir [/usr/lib/x86_64-linux-gnu] ==> [/usr/lib/x86_64-linux-gnu]
  collapse library dir [/usr/lib/../lib] ==> [/usr/lib]
  collapse library dir [/usr/lib/gcc/x86_64-linux-gnu/5/../../..] ==> [/usr/lib]
  implicit libs: [c]
  implicit dirs: [/usr/lib/gcc/x86_64-linux-gnu/5;/usr/lib/x86_64-linux-gnu;/usr/lib;/lib/x86_64-linux-gnu;/lib]
  implicit fwks: []




Detecting C [-std=c11] compiler features compiled with the following output:
Change Dir: /home/jg/klee/build/CMakeFiles/CMakeTmp

Run Build Command:"/usr/bin/make" "cmTC_7022f/fast"
/usr/bin/make -f CMakeFiles/cmTC_7022f.dir/build.make CMakeFiles/cmTC_7022f.dir/build
make[1]: Entering directory '/home/jg/klee/build/CMakeFiles/CMakeTmp'
Building C object CMakeFiles/cmTC_7022f.dir/feature_tests.c.o
/usr/bin/cc    -std=c11 -o CMakeFiles/cmTC_7022f.dir/feature_tests.c.o   -c /home/jg/klee/build/CMakeFiles/feature_tests.c
Linking C executable cmTC_7022f
/usr/bin/cmake -E cmake_link_script CMakeFiles/cmTC_7022f.dir/link.txt --verbose=1
/usr/bin/cc       CMakeFiles/cmTC_7022f.dir/feature_tests.c.o  -o cmTC_7022f -rdynamic 
make[1]: Leaving directory '/home/jg/klee/build/CMakeFiles/CMakeTmp'


    Feature record: C_FEATURE:1c_function_prototypes
    Feature record: C_FEATURE:1c_restrict
    Feature record: C_FEATURE:1c_static_assert
    Feature record: C_FEATURE:1c_variadic_macros


Detecting C [-std=c99] compiler features compiled with the following output:
Change Dir: /home/jg/klee/build/CMakeFiles/CMakeTmp

Run Build Command:"/usr/bin/make" "cmTC_d0257/fast"
/usr/bin/make -f CMakeFiles/cmTC_d0257.dir/build.make CMakeFiles/cmTC_d0257.dir/build
make[1]: Entering directory '/home/jg/klee/build/CMakeFiles/CMakeTmp'
Building C object CMakeFiles/cmTC_d0257.dir/feature_tests.c.o
/usr/bin/cc    -std=c99 -o CMakeFiles/cmTC_d0257.dir/feature_tests.c.o   -c /home/jg/klee/build/CMakeFiles/feature_tests.c
Linking C executable cmTC_d0257
/usr/bin/cmake -E cmake_link_script CMakeFiles/cmTC_d0257.dir/link.txt --verbose=1
/usr/bin/cc       CMakeFiles/cmTC_d0257.dir/feature_tests.c.o  -o cmTC_d0257 -rdynamic 
make[1]: Leaving directory '/home/jg/klee/build/CMakeFiles/CMakeTmp'


    Feature record: C_FEATURE:1c_function_prototypes
    Feature record: C_FEATURE:1c_restrict
    Feature record: C_FEATURE:0c_static_assert
    Feature record: C_FEATURE:1c_variadic_macros


Detecting C [-std=c90] compiler features compiled with the following output:
Change Dir: /home/jg/klee/build/CMakeFiles/CMakeTmp

Run Build Command:"/usr/bin/make" "cmTC_85797/fast"
/usr/bin/make -f CMakeFiles/cmTC_85797.dir/build.make CMakeFiles/cmTC_85797.dir/build
make[1]: Entering directory '/home/jg/klee/build/CMakeFiles/CMakeTmp'
Building C object CMakeFiles/cmTC_85797.dir/feature_tests.c.o
/usr/bin/cc    -std=c90 -o CMakeFiles/cmTC_85797.dir/feature_tests.c.o   -c /home/jg/klee/build/CMakeFiles/feature_tests.c
Linking C executable cmTC_85797
/usr/bin/cmake -E cmake_link_script CMakeFiles/cmTC_85797.dir/link.txt --verbose=1
/usr/bin/cc       CMakeFiles/cmTC_85797.dir/feature_tests.c.o  -o cmTC_85797 -rdynamic 
make[1]: Leaving directory '/home/jg/klee/build/CMakeFiles/CMakeTmp'


    Feature record: C_FEATURE:1c_function_prototypes
    Feature record: C_FEATURE:0c_restrict
    Feature record: C_FEATURE:0c_static_assert
    Feature record: C_FEATURE:0c_variadic_macros
Performing C++ SOURCE FILE Test HAS__Wall_CXX succeeded with the following output:
Change Dir: /home/jg/klee/build/CMakeFiles/CMakeTmp

Run Build Command:"/usr/bin/make" "cmTC_c3eea/fast"
/usr/bin/make -f CMakeFiles/cmTC_c3eea.dir/build.make CMakeFiles/cmTC_c3eea.dir/build
make[1]: Entering directory '/home/jg/klee/build/CMakeFiles/CMakeTmp'
Building CXX object CMakeFiles/cmTC_c3eea.dir/src.cxx.o
/usr/bin/c++     -DHAS__Wall_CXX   -Wall -o CMakeFiles/cmTC_c3eea.dir/src.cxx.o -c /home/jg/klee/build/CMakeFiles/CMakeTmp/src.cxx
Linking CXX executable cmTC_c3eea
/usr/bin/cmake -E cmake_link_script CMakeFiles/cmTC_c3eea.dir/link.txt --verbose=1
/usr/bin/c++    -DHAS__Wall_CXX    CMakeFiles/cmTC_c3eea.dir/src.cxx.o  -o cmTC_c3eea -rdynamic 
make[1]: Leaving directory '/home/jg/klee/build/CMakeFiles/CMakeTmp'

Source file was:
int main() { return 0; }
Performing C++ SOURCE FILE Test HAS__Wextra_CXX succeeded with the following output:
Change Dir: /home/jg/klee/build/CMakeFiles/CMakeTmp

Run Build Command:"/usr/bin/make" "cmTC_b8a03/fast"
/usr/bin/make -f CMakeFiles/cmTC_b8a03.dir/build.make CMakeFiles/cmTC_b8a03.dir/build
make[1]: Entering directory '/home/jg/klee/build/CMakeFiles/CMakeTmp'
Building CXX object CMakeFiles/cmTC_b8a03.dir/src.cxx.o
/usr/bin/c++     -Wall -DHAS__Wextra_CXX   -Wextra -o CMakeFiles/cmTC_b8a03.dir/src.cxx.o -c /home/jg/klee/build/CMakeFiles/CMakeTmp/src.cxx
Linking CXX executable cmTC_b8a03
/usr/bin/cmake -E cmake_link_script CMakeFiles/cmTC_b8a03.dir/link.txt --verbose=1
/usr/bin/c++    -Wall -DHAS__Wextra_CXX    CMakeFiles/cmTC_b8a03.dir/src.cxx.o  -o cmTC_b8a03 -rdynamic 
make[1]: Leaving directory '/home/jg/klee/build/CMakeFiles/CMakeTmp'

Source file was:
int main() { return 0; }
Performing C++ SOURCE FILE Test HAS__Wno_unused_parameter_CXX succeeded with the following output:
Change Dir: /home/jg/klee/build/CMakeFiles/CMakeTmp

Run Build Command:"/usr/bin/make" "cmTC_953f4/fast"
/usr/bin/make -f CMakeFiles/cmTC_953f4.dir/build.make CMakeFiles/cmTC_953f4.dir/build
make[1]: Entering directory '/home/jg/klee/build/CMakeFiles/CMakeTmp'
Building CXX object CMakeFiles/cmTC_953f4.dir/src.cxx.o
/usr/bin/c++     -Wall -Wextra -DHAS__Wno_unused_parameter_CXX   -Wno-unused-parameter -o CMakeFiles/cmTC_953f4.dir/src.cxx.o -c /home/jg/klee/build/CMakeFiles/CMakeTmp/src.cxx
Linking CXX executable cmTC_953f4
/usr/bin/cmake -E cmake_link_script CMakeFiles/cmTC_953f4.dir/link.txt --verbose=1
/usr/bin/c++    -Wall -Wextra -DHAS__Wno_unused_parameter_CXX    CMakeFiles/cmTC_953f4.dir/src.cxx.o  -o cmTC_953f4 -rdynamic 
make[1]: Leaving directory '/home/jg/klee/build/CMakeFiles/CMakeTmp'

Source file was:
int main() { return 0; }
Performing C SOURCE FILE Test HAS__Wall_C succeeded with the following output:
Change Dir: /home/jg/klee/build/CMakeFiles/CMakeTmp

Run Build Command:"/usr/bin/make" "cmTC_59a53/fast"
/usr/bin/make -f CMakeFiles/cmTC_59a53.dir/build.make CMakeFiles/cmTC_59a53.dir/build
make[1]: Entering directory '/home/jg/klee/build/CMakeFiles/CMakeTmp'
Building C object CMakeFiles/cmTC_59a53.dir/src.c.o
/usr/bin/cc    -DHAS__Wall_C   -Wall -o CMakeFiles/cmTC_59a53.dir/src.c.o   -c /home/jg/klee/build/CMakeFiles/CMakeTmp/src.c
Linking C executable cmTC_59a53
/usr/bin/cmake -E cmake_link_script CMakeFiles/cmTC_59a53.dir/link.txt --verbose=1
/usr/bin/cc   -DHAS__Wall_C    CMakeFiles/cmTC_59a53.dir/src.c.o  -o cmTC_59a53 -rdynamic 
make[1]: Leaving directory '/home/jg/klee/build/CMakeFiles/CMakeTmp'

Source file was:
int main(void) { return 0; }
Performing C SOURCE FILE Test HAS__Wextra_C succeeded with the following output:
Change Dir: /home/jg/klee/build/CMakeFiles/CMakeTmp

Run Build Command:"/usr/bin/make" "cmTC_025e3/fast"
/usr/bin/make -f CMakeFiles/cmTC_025e3.dir/build.make CMakeFiles/cmTC_025e3.dir/build
make[1]: Entering directory '/home/jg/klee/build/CMakeFiles/CMakeTmp'
Building C object CMakeFiles/cmTC_025e3.dir/src.c.o
/usr/bin/cc    -Wall -DHAS__Wextra_C   -Wextra -o CMakeFiles/cmTC_025e3.dir/src.c.o   -c /home/jg/klee/build/CMakeFiles/CMakeTmp/src.c
Linking C executable cmTC_025e3
/usr/bin/cmake -E cmake_link_script CMakeFiles/cmTC_025e3.dir/link.txt --verbose=1
/usr/bin/cc   -Wall -DHAS__Wextra_C    CMakeFiles/cmTC_025e3.dir/src.c.o  -o cmTC_025e3 -rdynamic 
make[1]: Leaving directory '/home/jg/klee/build/CMakeFiles/CMakeTmp'

Source file was:
int main(void) { return 0; }
Performing C SOURCE FILE Test HAS__Wno_unused_parameter_C succeeded with the following output:
Change Dir: /home/jg/klee/build/CMakeFiles/CMakeTmp

Run Build Command:"/usr/bin/make" "cmTC_2adae/fast"
/usr/bin/make -f CMakeFiles/cmTC_2adae.dir/build.make CMakeFiles/cmTC_2adae.dir/build
make[1]: Entering directory '/home/jg/klee/build/CMakeFiles/CMakeTmp'
Building C object CMakeFiles/cmTC_2adae.dir/src.c.o
/usr/bin/cc    -Wall -Wextra -DHAS__Wno_unused_parameter_C   -Wno-unused-parameter -o CMakeFiles/cmTC_2adae.dir/src.c.o   -c /home/jg/klee/build/CMakeFiles/CMakeTmp/src.c
Linking C executable cmTC_2adae
/usr/bin/cmake -E cmake_link_script CMakeFiles/cmTC_2adae.dir/link.txt --verbose=1
/usr/bin/cc   -Wall -Wextra -DHAS__Wno_unused_parameter_C    CMakeFiles/cmTC_2adae.dir/src.c.o  -o cmTC_2adae -rdynamic 
make[1]: Leaving directory '/home/jg/klee/build/CMakeFiles/CMakeTmp'

Source file was:
int main(void) { return 0; }
Performing C++ SOURCE FILE Test HAS__fno_exceptions succeeded with the following output:
Change Dir: /home/jg/klee/build/CMakeFiles/CMakeTmp

Run Build Command:"/usr/bin/make" "cmTC_bc601/fast"
/usr/bin/make -f CMakeFiles/cmTC_bc601.dir/build.make CMakeFiles/cmTC_bc601.dir/build
make[1]: Entering directory '/home/jg/klee/build/CMakeFiles/CMakeTmp'
Building CXX object CMakeFiles/cmTC_bc601.dir/src.cxx.o
/usr/bin/c++     -Wall -Wextra -Wno-unused-parameter -DHAS__fno_exceptions   -fno-exceptions -o CMakeFiles/cmTC_bc601.dir/src.cxx.o -c /home/jg/klee/build/CMakeFiles/CMakeTmp/src.cxx
Linking CXX executable cmTC_bc601
/usr/bin/cmake -E cmake_link_script CMakeFiles/cmTC_bc601.dir/link.txt --verbose=1
/usr/bin/c++    -Wall -Wextra -Wno-unused-parameter -DHAS__fno_exceptions    CMakeFiles/cmTC_bc601.dir/src.cxx.o  -o cmTC_bc601 -rdynamic 
make[1]: Leaving directory '/home/jg/klee/build/CMakeFiles/CMakeTmp'

Source file was:
int main() { return 0; }
Determining if the include file gperftools/malloc_extension.h exists passed with the following output:
Change Dir: /home/jg/klee/build/CMakeFiles/CMakeTmp

Run Build Command:"/usr/bin/make" "cmTC_a6600/fast"
/usr/bin/make -f CMakeFiles/cmTC_a6600.dir/build.make CMakeFiles/cmTC_a6600.dir/build
make[1]: Entering directory '/home/jg/klee/build/CMakeFiles/CMakeTmp'
Building CXX object CMakeFiles/cmTC_a6600.dir/CheckIncludeFile.cxx.o
/usr/bin/c++     -Wall -Wextra -Wno-unused-parameter    -o CMakeFiles/cmTC_a6600.dir/CheckIncludeFile.cxx.o -c /home/jg/klee/build/CMakeFiles/CMakeTmp/CheckIncludeFile.cxx
Linking CXX executable cmTC_a6600
/usr/bin/cmake -E cmake_link_script CMakeFiles/cmTC_a6600.dir/link.txt --verbose=1
/usr/bin/c++    -Wall -Wextra -Wno-unused-parameter     CMakeFiles/cmTC_a6600.dir/CheckIncludeFile.cxx.o  -o cmTC_a6600 -rdynamic 
make[1]: Leaving directory '/home/jg/klee/build/CMakeFiles/CMakeTmp'


Performing C++ SOURCE FILE Test HAS__fno_builtin_malloc succeeded with the following output:
Change Dir: /home/jg/klee/build/CMakeFiles/CMakeTmp

Run Build Command:"/usr/bin/make" "cmTC_9f5c6/fast"
/usr/bin/make -f CMakeFiles/cmTC_9f5c6.dir/build.make CMakeFiles/cmTC_9f5c6.dir/build
make[1]: Entering directory '/home/jg/klee/build/CMakeFiles/CMakeTmp'
Building CXX object CMakeFiles/cmTC_9f5c6.dir/src.cxx.o
/usr/bin/c++     -Wall -Wextra -Wno-unused-parameter -DHAS__fno_builtin_malloc   -fno-builtin-malloc -o CMakeFiles/cmTC_9f5c6.dir/src.cxx.o -c /home/jg/klee/build/CMakeFiles/CMakeTmp/src.cxx
Linking CXX executable cmTC_9f5c6
/usr/bin/cmake -E cmake_link_script CMakeFiles/cmTC_9f5c6.dir/link.txt --verbose=1
/usr/bin/c++    -Wall -Wextra -Wno-unused-parameter -DHAS__fno_builtin_malloc    CMakeFiles/cmTC_9f5c6.dir/src.cxx.o  -o cmTC_9f5c6 -rdynamic 
make[1]: Leaving directory '/home/jg/klee/build/CMakeFiles/CMakeTmp'

Source file was:
int main() { return 0; }
Performing C++ SOURCE FILE Test HAS__fno_builtin_calloc succeeded with the following output:
Change Dir: /home/jg/klee/build/CMakeFiles/CMakeTmp

Run Build Command:"/usr/bin/make" "cmTC_5987b/fast"
/usr/bin/make -f CMakeFiles/cmTC_5987b.dir/build.make CMakeFiles/cmTC_5987b.dir/build
make[1]: Entering directory '/home/jg/klee/build/CMakeFiles/CMakeTmp'
Building CXX object CMakeFiles/cmTC_5987b.dir/src.cxx.o
/usr/bin/c++     -Wall -Wextra -Wno-unused-parameter -DHAS__fno_builtin_calloc   -fno-builtin-calloc -o CMakeFiles/cmTC_5987b.dir/src.cxx.o -c /home/jg/klee/build/CMakeFiles/CMakeTmp/src.cxx
Linking CXX executable cmTC_5987b
/usr/bin/cmake -E cmake_link_script CMakeFiles/cmTC_5987b.dir/link.txt --verbose=1
/usr/bin/c++    -Wall -Wextra -Wno-unused-parameter -DHAS__fno_builtin_calloc    CMakeFiles/cmTC_5987b.dir/src.cxx.o  -o cmTC_5987b -rdynamic 
make[1]: Leaving directory '/home/jg/klee/build/CMakeFiles/CMakeTmp'

Source file was:
int main() { return 0; }
Performing C++ SOURCE FILE Test HAS__fno_builtin_realloc succeeded with the following output:
Change Dir: /home/jg/klee/build/CMakeFiles/CMakeTmp

Run Build Command:"/usr/bin/make" "cmTC_fb63a/fast"
/usr/bin/make -f CMakeFiles/cmTC_fb63a.dir/build.make CMakeFiles/cmTC_fb63a.dir/build
make[1]: Entering directory '/home/jg/klee/build/CMakeFiles/CMakeTmp'
Building CXX object CMakeFiles/cmTC_fb63a.dir/src.cxx.o
/usr/bin/c++     -Wall -Wextra -Wno-unused-parameter -DHAS__fno_builtin_realloc   -fno-builtin-realloc -o CMakeFiles/cmTC_fb63a.dir/src.cxx.o -c /home/jg/klee/build/CMakeFiles/CMakeTmp/src.cxx
Linking CXX executable cmTC_fb63a
/usr/bin/cmake -E cmake_link_script CMakeFiles/cmTC_fb63a.dir/link.txt --verbose=1
/usr/bin/c++    -Wall -Wextra -Wno-unused-parameter -DHAS__fno_builtin_realloc    CMakeFiles/cmTC_fb63a.dir/src.cxx.o  -o cmTC_fb63a -rdynamic 
make[1]: Leaving directory '/home/jg/klee/build/CMakeFiles/CMakeTmp'

Source file was:
int main() { return 0; }
Performing C++ SOURCE FILE Test HAS__fno_builtin_free succeeded with the following output:
Change Dir: /home/jg/klee/build/CMakeFiles/CMakeTmp

Run Build Command:"/usr/bin/make" "cmTC_338af/fast"
/usr/bin/make -f CMakeFiles/cmTC_338af.dir/build.make CMakeFiles/cmTC_338af.dir/build
make[1]: Entering directory '/home/jg/klee/build/CMakeFiles/CMakeTmp'
Building CXX object CMakeFiles/cmTC_338af.dir/src.cxx.o
/usr/bin/c++     -Wall -Wextra -Wno-unused-parameter -DHAS__fno_builtin_free   -fno-builtin-free -o CMakeFiles/cmTC_338af.dir/src.cxx.o -c /home/jg/klee/build/CMakeFiles/CMakeTmp/src.cxx
Linking CXX executable cmTC_338af
/usr/bin/cmake -E cmake_link_script CMakeFiles/cmTC_338af.dir/link.txt --verbose=1
/usr/bin/c++    -Wall -Wextra -Wno-unused-parameter -DHAS__fno_builtin_free    CMakeFiles/cmTC_338af.dir/src.cxx.o  -o cmTC_338af -rdynamic 
make[1]: Leaving directory '/home/jg/klee/build/CMakeFiles/CMakeTmp'

Source file was:
int main() { return 0; }
Determining if the include file sys/capability.h exists passed with the following output:
Change Dir: /home/jg/klee/build/CMakeFiles/CMakeTmp

Run Build Command:"/usr/bin/make" "cmTC_c72ef/fast"
/usr/bin/make -f CMakeFiles/cmTC_c72ef.dir/build.make CMakeFiles/cmTC_c72ef.dir/build
make[1]: Entering directory '/home/jg/klee/build/CMakeFiles/CMakeTmp'
Building C object CMakeFiles/cmTC_c72ef.dir/CheckIncludeFile.c.o
/usr/bin/cc    -Wall -Wextra -Wno-unused-parameter    -o CMakeFiles/cmTC_c72ef.dir/CheckIncludeFile.c.o   -c /home/jg/klee/build/CMakeFiles/CMakeTmp/CheckIncludeFile.c
Linking C executable cmTC_c72ef
/usr/bin/cmake -E cmake_link_script CMakeFiles/cmTC_c72ef.dir/link.txt --verbose=1
/usr/bin/cc   -Wall -Wextra -Wno-unused-parameter     CMakeFiles/cmTC_c72ef.dir/CheckIncludeFile.c.o  -o cmTC_c72ef -rdynamic 
make[1]: Leaving directory '/home/jg/klee/build/CMakeFiles/CMakeTmp'


Determining if the include file pty.h exists passed with the following output:
Change Dir: /home/jg/klee/build/CMakeFiles/CMakeTmp

Run Build Command:"/usr/bin/make" "cmTC_c20ee/fast"
/usr/bin/make -f CMakeFiles/cmTC_c20ee.dir/build.make CMakeFiles/cmTC_c20ee.dir/build
make[1]: Entering directory '/home/jg/klee/build/CMakeFiles/CMakeTmp'
Building C object CMakeFiles/cmTC_c20ee.dir/CheckIncludeFile.c.o
/usr/bin/cc    -Wall -Wextra -Wno-unused-parameter    -o CMakeFiles/cmTC_c20ee.dir/CheckIncludeFile.c.o   -c /home/jg/klee/build/CMakeFiles/CMakeTmp/CheckIncludeFile.c
Linking C executable cmTC_c20ee
/usr/bin/cmake -E cmake_link_script CMakeFiles/cmTC_c20ee.dir/link.txt --verbose=1
/usr/bin/cc   -Wall -Wextra -Wno-unused-parameter     CMakeFiles/cmTC_c20ee.dir/CheckIncludeFile.c.o  -o cmTC_c20ee -rdynamic 
make[1]: Leaving directory '/home/jg/klee/build/CMakeFiles/CMakeTmp'


Determining if the function openpty exists in the util passed with the following output:
Change Dir: /home/jg/klee/build/CMakeFiles/CMakeTmp

Run Build Command:"/usr/bin/make" "cmTC_e6e5a/fast"
/usr/bin/make -f CMakeFiles/cmTC_e6e5a.dir/build.make CMakeFiles/cmTC_e6e5a.dir/build
make[1]: Entering directory '/home/jg/klee/build/CMakeFiles/CMakeTmp'
Building C object CMakeFiles/cmTC_e6e5a.dir/CheckFunctionExists.c.o
/usr/bin/cc    -Wall -Wextra -Wno-unused-parameter -DCHECK_FUNCTION_EXISTS=openpty   -o CMakeFiles/cmTC_e6e5a.dir/CheckFunctionExists.c.o   -c /usr/share/cmake-3.5/Modules/CheckFunctionExists.c
Linking C executable cmTC_e6e5a
/usr/bin/cmake -E cmake_link_script CMakeFiles/cmTC_e6e5a.dir/link.txt --verbose=1
/usr/bin/cc   -Wall -Wextra -Wno-unused-parameter -DCHECK_FUNCTION_EXISTS=openpty    CMakeFiles/cmTC_e6e5a.dir/CheckFunctionExists.c.o  -o cmTC_e6e5a -rdynamic -lutil 
make[1]: Leaving directory '/home/jg/klee/build/CMakeFiles/CMakeTmp'


Determining if the __ctype_b_loc exist passed with the following output:
Change Dir: /home/jg/klee/build/CMakeFiles/CMakeTmp

Run Build Command:"/usr/bin/make" "cmTC_f18a9/fast"
/usr/bin/make -f CMakeFiles/cmTC_f18a9.dir/build.make CMakeFiles/cmTC_f18a9.dir/build
make[1]: Entering directory '/home/jg/klee/build/CMakeFiles/CMakeTmp'
Building CXX object CMakeFiles/cmTC_f18a9.dir/CheckSymbolExists.cxx.o
/usr/bin/c++     -Wall -Wextra -Wno-unused-parameter    -o CMakeFiles/cmTC_f18a9.dir/CheckSymbolExists.cxx.o -c /home/jg/klee/build/CMakeFiles/CMakeTmp/CheckSymbolExists.cxx
Linking CXX executable cmTC_f18a9
/usr/bin/cmake -E cmake_link_script CMakeFiles/cmTC_f18a9.dir/link.txt --verbose=1
/usr/bin/c++    -Wall -Wextra -Wno-unused-parameter     CMakeFiles/cmTC_f18a9.dir/CheckSymbolExists.cxx.o  -o cmTC_f18a9 -rdynamic 
make[1]: Leaving directory '/home/jg/klee/build/CMakeFiles/CMakeTmp'

File /home/jg/klee/build/CMakeFiles/CMakeTmp/CheckSymbolExists.cxx:
/* */
#include <ctype.h>

int main(int argc, char** argv)
{
  (void)argv;
#ifndef __ctype_b_loc
  return ((int*)(&__ctype_b_loc))[argc];
#else
  (void)argc;
  return 0;
#endif
}

Determining if the mallinfo exist passed with the following output:
Change Dir: /home/jg/klee/build/CMakeFiles/CMakeTmp

Run Build Command:"/usr/bin/make" "cmTC_f2227/fast"
/usr/bin/make -f CMakeFiles/cmTC_f2227.dir/build.make CMakeFiles/cmTC_f2227.dir/build
make[1]: Entering directory '/home/jg/klee/build/CMakeFiles/CMakeTmp'
Building CXX object CMakeFiles/cmTC_f2227.dir/CheckSymbolExists.cxx.o
/usr/bin/c++     -Wall -Wextra -Wno-unused-parameter    -o CMakeFiles/cmTC_f2227.dir/CheckSymbolExists.cxx.o -c /home/jg/klee/build/CMakeFiles/CMakeTmp/CheckSymbolExists.cxx
Linking CXX executable cmTC_f2227
/usr/bin/cmake -E cmake_link_script CMakeFiles/cmTC_f2227.dir/link.txt --verbose=1
/usr/bin/c++    -Wall -Wextra -Wno-unused-parameter     CMakeFiles/cmTC_f2227.dir/CheckSymbolExists.cxx.o  -o cmTC_f2227 -rdynamic 
make[1]: Leaving directory '/home/jg/klee/build/CMakeFiles/CMakeTmp'

File /home/jg/klee/build/CMakeFiles/CMakeTmp/CheckSymbolExists.cxx:
/* */
#include <malloc.h>

int main(int argc, char** argv)
{
  (void)argv;
#ifndef mallinfo
  return ((int*)(&mallinfo))[argc];
#else
  (void)argc;
  return 0;
#endif
}

Determining if the include file sys/statfs.h exists passed with the following output:
Change Dir: /home/jg/klee/build/CMakeFiles/CMakeTmp

Run Build Command:"/usr/bin/make" "cmTC_16b01/fast"
/usr/bin/make -f CMakeFiles/cmTC_16b01.dir/build.make CMakeFiles/cmTC_16b01.dir/build
make[1]: Entering directory '/home/jg/klee/build/CMakeFiles/CMakeTmp'
Building C object CMakeFiles/cmTC_16b01.dir/CheckIncludeFile.c.o
/usr/bin/cc    -Wall -Wextra -Wno-unused-parameter    -o CMakeFiles/cmTC_16b01.dir/CheckIncludeFile.c.o   -c /home/jg/klee/build/CMakeFiles/CMakeTmp/CheckIncludeFile.c
Linking C executable cmTC_16b01
/usr/bin/cmake -E cmake_link_script CMakeFiles/cmTC_16b01.dir/link.txt --verbose=1
/usr/bin/cc   -Wall -Wextra -Wno-unused-parameter     CMakeFiles/cmTC_16b01.dir/CheckIncludeFile.c.o  -o cmTC_16b01 -rdynamic 
make[1]: Leaving directory '/home/jg/klee/build/CMakeFiles/CMakeTmp'


Determining if the include file pthread.h exists passed with the following output:
Change Dir: /home/jg/klee/build/CMakeFiles/CMakeTmp

Run Build Command:"/usr/bin/make" "cmTC_e685d/fast"
/usr/bin/make -f CMakeFiles/cmTC_e685d.dir/build.make CMakeFiles/cmTC_e685d.dir/build
make[1]: Entering directory '/home/jg/klee/build/CMakeFiles/CMakeTmp'
Building C object CMakeFiles/cmTC_e685d.dir/CheckIncludeFile.c.o
/usr/bin/cc    -Wall -Wextra -Wno-unused-parameter    -o CMakeFiles/cmTC_e685d.dir/CheckIncludeFile.c.o   -c /home/jg/klee/build/CMakeFiles/CMakeTmp/CheckIncludeFile.c
Linking C executable cmTC_e685d
/usr/bin/cmake -E cmake_link_script CMakeFiles/cmTC_e685d.dir/link.txt --verbose=1
/usr/bin/cc   -Wall -Wextra -Wno-unused-parameter     CMakeFiles/cmTC_e685d.dir/CheckIncludeFile.c.o  -o cmTC_e685d -rdynamic 
make[1]: Leaving directory '/home/jg/klee/build/CMakeFiles/CMakeTmp'


Determining if the function pthread_create exists in the pthread passed with the following output:
Change Dir: /home/jg/klee/build/CMakeFiles/CMakeTmp

Run Build Command:"/usr/bin/make" "cmTC_ababc/fast"
/usr/bin/make -f CMakeFiles/cmTC_ababc.dir/build.make CMakeFiles/cmTC_ababc.dir/build
make[1]: Entering directory '/home/jg/klee/build/CMakeFiles/CMakeTmp'
Building C object CMakeFiles/cmTC_ababc.dir/CheckFunctionExists.c.o
/usr/bin/cc    -Wall -Wextra -Wno-unused-parameter -DCHECK_FUNCTION_EXISTS=pthread_create   -o CMakeFiles/cmTC_ababc.dir/CheckFunctionExists.c.o   -c /usr/share/cmake-3.5/Modules/CheckFunctionExists.c
Linking C executable cmTC_ababc
/usr/bin/cmake -E cmake_link_script CMakeFiles/cmTC_ababc.dir/link.txt --verbose=1
/usr/bin/cc   -Wall -Wextra -Wno-unused-parameter -DCHECK_FUNCTION_EXISTS=pthread_create    CMakeFiles/cmTC_ababc.dir/CheckFunctionExists.c.o  -o cmTC_ababc -rdynamic -lpthread 
make[1]: Leaving directory '/home/jg/klee/build/CMakeFiles/CMakeTmp'


